Using pre-set license
Built from '2020.3/staging' branch; Version is '2020.3.19f1 (68f137dc9bbe) revision 6877495'; Using compiler version '192528614'; Build Type 'Release'
OS: 'Windows 10 Home; OS build 22000.556; Version 2009; 64bit' Language: 'en' Physical Memory: 32609 MB
BatchMode: 1, IsHumanControllingUs: 0, StartBugReporterOnCrash: 0, Is64bit: 1, IsPro: 0

COMMAND LINE ARGUMENTS:
C:\Program Files\Unity\Hub\Editor\2020.3.19f1\Editor\Unity.exe
-adb2
-batchMode
-noUpm
-name
AssetImportWorker0
-projectPath
C:/Users/kylem/OneDrive/Documents/GitHub/3InchCats_2.0/Cardboard Crusaders Game
-logFile
Logs/AssetImportWorker0.log
-srvPort
49763
Successfully changed project path to: C:/Users/kylem/OneDrive/Documents/GitHub/3InchCats_2.0/Cardboard Crusaders Game
C:/Users/kylem/OneDrive/Documents/GitHub/3InchCats_2.0/Cardboard Crusaders Game
Using Asset Import Pipeline V2.
Refreshing native plugins compatible for Editor in 61.11 ms, found 2 plugins.
Preloading 0 native plugins for Editor in 0.00 ms.
Initialize engine version: 2020.3.19f1 (68f137dc9bbe)
[Subsystems] Discovering subsystems at path C:/Program Files/Unity/Hub/Editor/2020.3.19f1/Editor/Data/Resources/UnitySubsystems
[Subsystems] Discovering subsystems at path C:/Users/kylem/OneDrive/Documents/GitHub/3InchCats_2.0/Cardboard Crusaders Game/Assets
GfxDevice: creating device client; threaded=0
Direct3D:
    Version:  Direct3D 11.0 [level 11.1]
    Renderer: NVIDIA GeForce RTX 2060 (ID=0x1f11)
    Vendor:   
    VRAM:     5980 MB
    Driver:   30.0.15.1215
Initialize mono
Mono path[0] = 'C:/Program Files/Unity/Hub/Editor/2020.3.19f1/Editor/Data/Managed'
Mono path[1] = 'C:/Program Files/Unity/Hub/Editor/2020.3.19f1/Editor/Data/MonoBleedingEdge/lib/mono/unityjit'
Mono config path = 'C:/Program Files/Unity/Hub/Editor/2020.3.19f1/Editor/Data/MonoBleedingEdge/etc'
Using monoOptions --debugger-agent=transport=dt_socket,embedding=1,server=y,suspend=n,address=127.0.0.1:56960
Begin MonoManager ReloadAssembly
Registering precompiled unity dll's ...
Register platform support module: C:/Program Files/Unity/Hub/Editor/2020.3.19f1/Editor/Data/PlaybackEngines/WindowsStandaloneSupport/UnityEditor.WindowsStandalone.Extensions.dll
Registered in 0.002114 seconds.
Native extension for WindowsStandalone target not found
Refreshing native plugins compatible for Editor in 40.94 ms, found 2 plugins.
Preloading 0 native plugins for Editor in 0.00 ms.
Mono: successfully reloaded assembly
- Completed reload, in  3.516 seconds
Domain Reload Profiling:
	ReloadAssembly (3517ms)
		BeginReloadAssembly (137ms)
			ExecutionOrderSort (0ms)
			DisableScriptedObjects (0ms)
			BackupInstance (0ms)
			ReleaseScriptingObjects (0ms)
			CreateAndSetChildDomain (1ms)
		EndReloadAssembly (545ms)
			LoadAssemblies (135ms)
			RebuildTransferFunctionScriptingTraits (0ms)
			SetupTypeCache (224ms)
			ReleaseScriptCaches (0ms)
			RebuildScriptCaches (37ms)
			SetupLoadedEditorAssemblies (199ms)
				LogAssemblyErrors (0ms)
				InitializePlatformSupportModulesInManaged (4ms)
				SetLoadedEditorAssemblies (0ms)
				RefreshPlugins (41ms)
				BeforeProcessingInitializeOnLoad (19ms)
				ProcessInitializeOnLoadAttributes (98ms)
				ProcessInitializeOnLoadMethodAttributes (37ms)
				AfterProcessingInitializeOnLoad (0ms)
				EditorAssembliesLoaded (0ms)
			ExecutionOrderSort2 (0ms)
			AwakeInstancesAfterBackupRestoration (0ms)
Platform modules already initialized, skipping
Registering precompiled user dll's ...
Registered in 0.003760 seconds.
Begin MonoManager ReloadAssembly
Native extension for WindowsStandalone target not found
Refreshing native plugins compatible for Editor in 0.46 ms, found 2 plugins.
Preloading 0 native plugins for Editor in 0.00 ms.
Mono: successfully reloaded assembly
- Completed reload, in  2.834 seconds
Domain Reload Profiling:
	ReloadAssembly (2835ms)
		BeginReloadAssembly (189ms)
			ExecutionOrderSort (0ms)
			DisableScriptedObjects (8ms)
			BackupInstance (0ms)
			ReleaseScriptingObjects (0ms)
			CreateAndSetChildDomain (22ms)
		EndReloadAssembly (2570ms)
			LoadAssemblies (106ms)
			RebuildTransferFunctionScriptingTraits (0ms)
			SetupTypeCache (397ms)
			ReleaseScriptCaches (0ms)
			RebuildScriptCaches (75ms)
			SetupLoadedEditorAssemblies (1845ms)
				LogAssemblyErrors (0ms)
				InitializePlatformSupportModulesInManaged (8ms)
				SetLoadedEditorAssemblies (1ms)
				RefreshPlugins (1ms)
				BeforeProcessingInitializeOnLoad (1537ms)
				ProcessInitializeOnLoadAttributes (283ms)
				ProcessInitializeOnLoadMethodAttributes (7ms)
				AfterProcessingInitializeOnLoad (9ms)
				EditorAssembliesLoaded (0ms)
			ExecutionOrderSort2 (0ms)
			AwakeInstancesAfterBackupRestoration (7ms)
Platform modules already initialized, skipping
========================================================================
Worker process is ready to serve import requests
Launched and connected shader compiler UnityShaderCompiler.exe after 0.08 seconds
Refreshing native plugins compatible for Editor in 0.75 ms, found 2 plugins.
Preloading 0 native plugins for Editor in 0.00 ms.
Unloading 1466 Unused Serialized files (Serialized files now loaded: 0)
System memory in use before: 81.4 MB.
System memory in use after: 81.5 MB.

Unloading 16 unused Assets to reduce memory usage. Loaded Objects now: 1918.
Total: 3.152100 ms (FindLiveObjects: 0.226400 ms CreateObjectMapping: 0.082300 ms MarkObjects: 2.751200 ms  DeleteObjects: 0.090500 ms)

AssetImportParameters requested are different than current active one (requested -> active):
  custom:framework-win-MediaFoundation: 216162199b28c13a410421893ffa2e32 -> 
  custom:video-decoder-ogg-theora: a1e56fd34408186e4bbccfd4996cb3dc -> 
  custom:container-muxer-webm: aa71ff27fc2769a1b78a27578f13a17b -> 
  custom:container-demuxer-webm: 4f35f7cbe854078d1ac9338744f61a02 -> 
  custom:container-demuxer-ogg: 62fdf1f143b41e24485cea50d1cbac27 -> 
  custom:video-encoder-webm-vp8: eb34c28f22e8b96e1ab97ce403110664 -> 
  custom:video-decoder-webm-vp8: 9c59270c3fd7afecdb556c50c9e8de78 -> 
  custom:audio-decoder-ogg-vorbis: bf7c407c2cedff20999df2af8eb42d56 -> 
  custom:audio-encoder-webm-vorbis: bf7c407c2cedff20999df2af8eb42d56 -> 
========================================================================
Received Import Request.
  path: Assets/VFX/Knight ability/Shield.mat
  artifactKey: Guid(0bb05a12ff5c3114da66faef6cc769a2) Importer(815301076,1909f56bfc062723c751e8b465ee728b)
Start importing Assets/VFX/Knight ability/Shield.mat using Guid(0bb05a12ff5c3114da66faef6cc769a2) Importer(815301076,1909f56bfc062723c751e8b465ee728b)  -> (artifact id: '06a1f7407229e221dd72966b78c52495') in 0.358844 seconds 
  Import took 0.363273 seconds .

========================================================================
Received Import Request.
  Time since last request: 60.695097 seconds.
  path: Assets/VFX/CastleImpactVFX/Cardboard Scrap.mat
  artifactKey: Guid(d1bcada7795e11f48aa21c40b536f067) Importer(815301076,1909f56bfc062723c751e8b465ee728b)
Start importing Assets/VFX/CastleImpactVFX/Cardboard Scrap.mat using Guid(d1bcada7795e11f48aa21c40b536f067) Importer(815301076,1909f56bfc062723c751e8b465ee728b)  -> (artifact id: 'caebb1c09d0d9398842f901af3a5681c') in 0.019047 seconds 
  Import took 0.022825 seconds .

========================================================================
Received Import Request.
  Time since last request: 11.859170 seconds.
  path: Assets/VFX
  artifactKey: Guid(df2be0970f3a0fa409b802c08bde52bb) Importer(815301076,1909f56bfc062723c751e8b465ee728b)
Start importing Assets/VFX using Guid(df2be0970f3a0fa409b802c08bde52bb) Importer(815301076,1909f56bfc062723c751e8b465ee728b)  -> (artifact id: 'f700b01ae2ee1b9ba24a5ade46701601') in 0.007825 seconds 
  Import took 0.011395 seconds .

========================================================================
Received Import Request.
  Time since last request: 0.039618 seconds.
  path: Assets/VFX/EnemyHitImpact VFX.prefab
  artifactKey: Guid(4d01d063271bff54489ebfbf3d1fdf4b) Importer(815301076,1909f56bfc062723c751e8b465ee728b)
Start importing Assets/VFX/EnemyHitImpact VFX.prefab using Guid(4d01d063271bff54489ebfbf3d1fdf4b) Importer(815301076,1909f56bfc062723c751e8b465ee728b)  -> (artifact id: '654fc8f1f968853558f9c48b041d0d31') in 0.038242 seconds 
  Import took 0.041344 seconds .

========================================================================
Received Import Request.
  Time since last request: 0.000250 seconds.
  path: Assets/VFX/TowerBuiltVFX.prefab
  artifactKey: Guid(75b80d31f330fe340bf8381530261e0f) Importer(815301076,1909f56bfc062723c751e8b465ee728b)
Start importing Assets/VFX/TowerBuiltVFX.prefab using Guid(75b80d31f330fe340bf8381530261e0f) Importer(815301076,1909f56bfc062723c751e8b465ee728b)  -> (artifact id: '7f12287a0522e24d878a2eb59738d59c') in 0.064352 seconds 
  Import took 0.067056 seconds .

========================================================================
Received Import Request.
  Time since last request: 0.000253 seconds.
  path: Assets/VFX/FlynnSword with VFX.prefab
  artifactKey: Guid(30bfafe1d19b8e646bfea60192629503) Importer(815301076,1909f56bfc062723c751e8b465ee728b)
Start importing Assets/VFX/FlynnSword with VFX.prefab using Guid(30bfafe1d19b8e646bfea60192629503) Importer(815301076,1909f56bfc062723c751e8b465ee728b)  -> (artifact id: 'cb312b8d78071d4086efdb6b6c8cf83f') in 0.049942 seconds 
  Import took 0.053457 seconds .

========================================================================
Received Import Request.
  Time since last request: 0.000238 seconds.
  path: Assets/VFX/Projectile with VFX.prefab
  artifactKey: Guid(bb1a2fa9d3d0b884eb10e3b4dcc6bc6b) Importer(815301076,1909f56bfc062723c751e8b465ee728b)
Start importing Assets/VFX/Projectile with VFX.prefab using Guid(bb1a2fa9d3d0b884eb10e3b4dcc6bc6b) Importer(815301076,1909f56bfc062723c751e8b465ee728b)  -> (artifact id: 'd4d0718dfd62bd693a297215f9fdc7cf') in 0.017191 seconds 
  Import took 0.020282 seconds .

========================================================================
Received Import Request.
  Time since last request: 65.743717 seconds.
  path: Assets/Scenes/Game Levels/Kitchen Level/Kitchen Level.unity
  artifactKey: Guid(7933e22a96b40864ca1b87da946f0b6c) Importer(815301076,1909f56bfc062723c751e8b465ee728b)
Start importing Assets/Scenes/Game Levels/Kitchen Level/Kitchen Level.unity using Guid(7933e22a96b40864ca1b87da946f0b6c) Importer(815301076,1909f56bfc062723c751e8b465ee728b)  -> (artifact id: '3b66e226e4f47a5ea725ff45514690eb') in 0.007130 seconds 
  Import took 0.010735 seconds .

========================================================================
Received Prepare
Registering precompiled user dll's ...
Registered in 0.003255 seconds.
Begin MonoManager ReloadAssembly
Native extension for WindowsStandalone target not found
Refreshing native plugins compatible for Editor in 0.37 ms, found 2 plugins.
Preloading 0 native plugins for Editor in 0.00 ms.
Mono: successfully reloaded assembly
- Completed reload, in  1.076 seconds
Domain Reload Profiling:
	ReloadAssembly (1076ms)
		BeginReloadAssembly (124ms)
			ExecutionOrderSort (0ms)
			DisableScriptedObjects (4ms)
			BackupInstance (0ms)
			ReleaseScriptingObjects (0ms)
			CreateAndSetChildDomain (38ms)
		EndReloadAssembly (879ms)
			LoadAssemblies (89ms)
			RebuildTransferFunctionScriptingTraits (0ms)
			SetupTypeCache (333ms)
			ReleaseScriptCaches (1ms)
			RebuildScriptCaches (46ms)
			SetupLoadedEditorAssemblies (293ms)
				LogAssemblyErrors (0ms)
				InitializePlatformSupportModulesInManaged (5ms)
				SetLoadedEditorAssemblies (1ms)
				RefreshPlugins (0ms)
				BeforeProcessingInitializeOnLoad (78ms)
				ProcessInitializeOnLoadAttributes (196ms)
				ProcessInitializeOnLoadMethodAttributes (4ms)
				AfterProcessingInitializeOnLoad (7ms)
				EditorAssembliesLoaded (0ms)
			ExecutionOrderSort2 (0ms)
			AwakeInstancesAfterBackupRestoration (10ms)
Platform modules already initialized, skipping
Refreshing native plugins compatible for Editor in 0.36 ms, found 2 plugins.
Preloading 0 native plugins for Editor in 0.00 ms.
Unloading 1455 Unused Serialized files (Serialized files now loaded: 0)
System memory in use before: 84.5 MB.
System memory in use after: 84.6 MB.

Unloading 16 unused Assets to reduce memory usage. Loaded Objects now: 1965.
Total: 2.797400 ms (FindLiveObjects: 0.144500 ms CreateObjectMapping: 0.048000 ms MarkObjects: 2.548300 ms  DeleteObjects: 0.055200 ms)

AssetImportParameters requested are different than current active one (requested -> active):
  custom:framework-win-MediaFoundation: 216162199b28c13a410421893ffa2e32 -> 
  custom:video-decoder-ogg-theora: a1e56fd34408186e4bbccfd4996cb3dc -> 
  custom:container-muxer-webm: aa71ff27fc2769a1b78a27578f13a17b -> 
  custom:container-demuxer-webm: 4f35f7cbe854078d1ac9338744f61a02 -> 
  custom:container-demuxer-ogg: 62fdf1f143b41e24485cea50d1cbac27 -> 
  custom:video-encoder-webm-vp8: eb34c28f22e8b96e1ab97ce403110664 -> 
  custom:video-decoder-webm-vp8: 9c59270c3fd7afecdb556c50c9e8de78 -> 
  custom:audio-decoder-ogg-vorbis: bf7c407c2cedff20999df2af8eb42d56 -> 
  custom:audio-encoder-webm-vorbis: bf7c407c2cedff20999df2af8eb42d56 -> 
AssetImportWorkerClient::OnTransportError - code=2 error=End of file
